/home/sebastian/Uniandes202310/Robotica/Taller3/taller3_ws/src/mi_robot_manipulador_12/install/mi_robot_manipulador_12/lib/python3.10/site-packages/mi_robot_manipulador_12/robot_manipulator_directK.py
/home/sebastian/Uniandes202310/Robotica/Taller3/taller3_ws/src/mi_robot_manipulador_12/install/mi_robot_manipulador_12/lib/python3.10/site-packages/mi_robot_manipulador_12/__init__.py
/home/sebastian/Uniandes202310/Robotica/Taller3/taller3_ws/src/mi_robot_manipulador_12/install/mi_robot_manipulador_12/lib/python3.10/site-packages/mi_robot_manipulador_12/robot_manipulator_joystick_teleop.py
/home/sebastian/Uniandes202310/Robotica/Taller3/taller3_ws/src/mi_robot_manipulador_12/install/mi_robot_manipulador_12/lib/python3.10/site-packages/mi_robot_manipulador_12/robot_manipulator_interface.py
/home/sebastian/Uniandes202310/Robotica/Taller3/taller3_ws/src/mi_robot_manipulador_12/install/mi_robot_manipulador_12/lib/python3.10/site-packages/mi_robot_manipulador_12/robot_manipulator_planner.py
/home/sebastian/Uniandes202310/Robotica/Taller3/taller3_ws/src/mi_robot_manipulador_12/install/mi_robot_manipulador_12/lib/python3.10/site-packages/mi_robot_manipulador_12/robot_manipulator_teleop.py
/home/sebastian/Uniandes202310/Robotica/Taller3/taller3_ws/src/mi_robot_manipulador_12/install/mi_robot_manipulador_12/lib/python3.10/site-packages/mi_robot_manipulador_12/Serial_writer_manipulator.py
/home/sebastian/Uniandes202310/Robotica/Taller3/taller3_ws/src/mi_robot_manipulador_12/install/mi_robot_manipulador_12/lib/python3.10/site-packages/mi_robot_manipulador_12/RecibirInfoESP.py
/home/sebastian/Uniandes202310/Robotica/Taller3/taller3_ws/src/mi_robot_manipulador_12/install/mi_robot_manipulador_12/lib/python3.10/site-packages/mi_robot_manipulador_12/SerialRaspESP.py
/home/sebastian/Uniandes202310/Robotica/Taller3/taller3_ws/src/mi_robot_manipulador_12/install/mi_robot_manipulador_12/lib/python3.10/site-packages/mi_robot_manipulador_12/__pycache__/robot_manipulator_directK.cpython-310.pyc
/home/sebastian/Uniandes202310/Robotica/Taller3/taller3_ws/src/mi_robot_manipulador_12/install/mi_robot_manipulador_12/lib/python3.10/site-packages/mi_robot_manipulador_12/__pycache__/__init__.cpython-310.pyc
/home/sebastian/Uniandes202310/Robotica/Taller3/taller3_ws/src/mi_robot_manipulador_12/install/mi_robot_manipulador_12/lib/python3.10/site-packages/mi_robot_manipulador_12/__pycache__/robot_manipulator_joystick_teleop.cpython-310.pyc
/home/sebastian/Uniandes202310/Robotica/Taller3/taller3_ws/src/mi_robot_manipulador_12/install/mi_robot_manipulador_12/lib/python3.10/site-packages/mi_robot_manipulador_12/__pycache__/robot_manipulator_interface.cpython-310.pyc
/home/sebastian/Uniandes202310/Robotica/Taller3/taller3_ws/src/mi_robot_manipulador_12/install/mi_robot_manipulador_12/lib/python3.10/site-packages/mi_robot_manipulador_12/__pycache__/robot_manipulator_planner.cpython-310.pyc
/home/sebastian/Uniandes202310/Robotica/Taller3/taller3_ws/src/mi_robot_manipulador_12/install/mi_robot_manipulador_12/lib/python3.10/site-packages/mi_robot_manipulador_12/__pycache__/robot_manipulator_teleop.cpython-310.pyc
/home/sebastian/Uniandes202310/Robotica/Taller3/taller3_ws/src/mi_robot_manipulador_12/install/mi_robot_manipulador_12/lib/python3.10/site-packages/mi_robot_manipulador_12/__pycache__/Serial_writer_manipulator.cpython-310.pyc
/home/sebastian/Uniandes202310/Robotica/Taller3/taller3_ws/src/mi_robot_manipulador_12/install/mi_robot_manipulador_12/lib/python3.10/site-packages/mi_robot_manipulador_12/__pycache__/RecibirInfoESP.cpython-310.pyc
/home/sebastian/Uniandes202310/Robotica/Taller3/taller3_ws/src/mi_robot_manipulador_12/install/mi_robot_manipulador_12/lib/python3.10/site-packages/mi_robot_manipulador_12/__pycache__/SerialRaspESP.cpython-310.pyc
/home/sebastian/Uniandes202310/Robotica/Taller3/taller3_ws/src/mi_robot_manipulador_12/install/mi_robot_manipulador_12/share/ament_index/resource_index/packages/mi_robot_manipulador_12
/home/sebastian/Uniandes202310/Robotica/Taller3/taller3_ws/src/mi_robot_manipulador_12/install/mi_robot_manipulador_12/share/mi_robot_manipulador_12/package.xml
/home/sebastian/Uniandes202310/Robotica/Taller3/taller3_ws/src/mi_robot_manipulador_12/install/mi_robot_manipulador_12/lib/python3.10/site-packages/mi_robot_manipulador_12-0.0.0-py3.10.egg-info/SOURCES.txt
/home/sebastian/Uniandes202310/Robotica/Taller3/taller3_ws/src/mi_robot_manipulador_12/install/mi_robot_manipulador_12/lib/python3.10/site-packages/mi_robot_manipulador_12-0.0.0-py3.10.egg-info/requires.txt
/home/sebastian/Uniandes202310/Robotica/Taller3/taller3_ws/src/mi_robot_manipulador_12/install/mi_robot_manipulador_12/lib/python3.10/site-packages/mi_robot_manipulador_12-0.0.0-py3.10.egg-info/top_level.txt
/home/sebastian/Uniandes202310/Robotica/Taller3/taller3_ws/src/mi_robot_manipulador_12/install/mi_robot_manipulador_12/lib/python3.10/site-packages/mi_robot_manipulador_12-0.0.0-py3.10.egg-info/PKG-INFO
/home/sebastian/Uniandes202310/Robotica/Taller3/taller3_ws/src/mi_robot_manipulador_12/install/mi_robot_manipulador_12/lib/python3.10/site-packages/mi_robot_manipulador_12-0.0.0-py3.10.egg-info/zip-safe
/home/sebastian/Uniandes202310/Robotica/Taller3/taller3_ws/src/mi_robot_manipulador_12/install/mi_robot_manipulador_12/lib/python3.10/site-packages/mi_robot_manipulador_12-0.0.0-py3.10.egg-info/entry_points.txt
/home/sebastian/Uniandes202310/Robotica/Taller3/taller3_ws/src/mi_robot_manipulador_12/install/mi_robot_manipulador_12/lib/python3.10/site-packages/mi_robot_manipulador_12-0.0.0-py3.10.egg-info/dependency_links.txt
/home/sebastian/Uniandes202310/Robotica/Taller3/taller3_ws/src/mi_robot_manipulador_12/install/mi_robot_manipulador_12/lib/mi_robot_manipulador_12/RecibirInfoESP
/home/sebastian/Uniandes202310/Robotica/Taller3/taller3_ws/src/mi_robot_manipulador_12/install/mi_robot_manipulador_12/lib/mi_robot_manipulador_12/SerialRaspESP
/home/sebastian/Uniandes202310/Robotica/Taller3/taller3_ws/src/mi_robot_manipulador_12/install/mi_robot_manipulador_12/lib/mi_robot_manipulador_12/Serial_writer_manipulator
/home/sebastian/Uniandes202310/Robotica/Taller3/taller3_ws/src/mi_robot_manipulador_12/install/mi_robot_manipulador_12/lib/mi_robot_manipulador_12/robot_manipulator_directK
/home/sebastian/Uniandes202310/Robotica/Taller3/taller3_ws/src/mi_robot_manipulador_12/install/mi_robot_manipulador_12/lib/mi_robot_manipulador_12/robot_manipulator_interface
/home/sebastian/Uniandes202310/Robotica/Taller3/taller3_ws/src/mi_robot_manipulador_12/install/mi_robot_manipulador_12/lib/mi_robot_manipulador_12/robot_manipulator_joystick_teleop
/home/sebastian/Uniandes202310/Robotica/Taller3/taller3_ws/src/mi_robot_manipulador_12/install/mi_robot_manipulador_12/lib/mi_robot_manipulador_12/robot_manipulator_planner
/home/sebastian/Uniandes202310/Robotica/Taller3/taller3_ws/src/mi_robot_manipulador_12/install/mi_robot_manipulador_12/lib/mi_robot_manipulador_12/robot_manipulator_teleop
