running egg_info
creating build/mi_robot_manipulador_12/mi_robot_manipulador_12.egg-info
writing build/mi_robot_manipulador_12/mi_robot_manipulador_12.egg-info/PKG-INFO
writing dependency_links to build/mi_robot_manipulador_12/mi_robot_manipulador_12.egg-info/dependency_links.txt
writing entry points to build/mi_robot_manipulador_12/mi_robot_manipulador_12.egg-info/entry_points.txt
writing requirements to build/mi_robot_manipulador_12/mi_robot_manipulador_12.egg-info/requires.txt
writing top-level names to build/mi_robot_manipulador_12/mi_robot_manipulador_12.egg-info/top_level.txt
writing manifest file 'build/mi_robot_manipulador_12/mi_robot_manipulador_12.egg-info/SOURCES.txt'
reading manifest file 'build/mi_robot_manipulador_12/mi_robot_manipulador_12.egg-info/SOURCES.txt'
writing manifest file 'build/mi_robot_manipulador_12/mi_robot_manipulador_12.egg-info/SOURCES.txt'
running build
running build_py
creating /home/sebastian/Uniandes202310/Robotica/Taller3/taller3_ws/src/mi_robot_manipulador_12/build/mi_robot_manipulador_12/build
creating /home/sebastian/Uniandes202310/Robotica/Taller3/taller3_ws/src/mi_robot_manipulador_12/build/mi_robot_manipulador_12/build/lib
creating /home/sebastian/Uniandes202310/Robotica/Taller3/taller3_ws/src/mi_robot_manipulador_12/build/mi_robot_manipulador_12/build/lib/mi_robot_manipulador_12
copying mi_robot_manipulador_12/robot_manipulator_directK.py -> /home/sebastian/Uniandes202310/Robotica/Taller3/taller3_ws/src/mi_robot_manipulador_12/build/mi_robot_manipulador_12/build/lib/mi_robot_manipulador_12
copying mi_robot_manipulador_12/__init__.py -> /home/sebastian/Uniandes202310/Robotica/Taller3/taller3_ws/src/mi_robot_manipulador_12/build/mi_robot_manipulador_12/build/lib/mi_robot_manipulador_12
copying mi_robot_manipulador_12/robot_manipulator_joystick_teleop.py -> /home/sebastian/Uniandes202310/Robotica/Taller3/taller3_ws/src/mi_robot_manipulador_12/build/mi_robot_manipulador_12/build/lib/mi_robot_manipulador_12
copying mi_robot_manipulador_12/robot_manipulator_interface.py -> /home/sebastian/Uniandes202310/Robotica/Taller3/taller3_ws/src/mi_robot_manipulador_12/build/mi_robot_manipulador_12/build/lib/mi_robot_manipulador_12
copying mi_robot_manipulador_12/robot_manipulator_planner.py -> /home/sebastian/Uniandes202310/Robotica/Taller3/taller3_ws/src/mi_robot_manipulador_12/build/mi_robot_manipulador_12/build/lib/mi_robot_manipulador_12
copying mi_robot_manipulador_12/robot_manipulator_teleop.py -> /home/sebastian/Uniandes202310/Robotica/Taller3/taller3_ws/src/mi_robot_manipulador_12/build/mi_robot_manipulador_12/build/lib/mi_robot_manipulador_12
copying mi_robot_manipulador_12/Serial_writer_manipulator.py -> /home/sebastian/Uniandes202310/Robotica/Taller3/taller3_ws/src/mi_robot_manipulador_12/build/mi_robot_manipulador_12/build/lib/mi_robot_manipulador_12
copying mi_robot_manipulador_12/RecibirInfoESP.py -> /home/sebastian/Uniandes202310/Robotica/Taller3/taller3_ws/src/mi_robot_manipulador_12/build/mi_robot_manipulador_12/build/lib/mi_robot_manipulador_12
copying mi_robot_manipulador_12/SerialRaspESP.py -> /home/sebastian/Uniandes202310/Robotica/Taller3/taller3_ws/src/mi_robot_manipulador_12/build/mi_robot_manipulador_12/build/lib/mi_robot_manipulador_12
running install
running install_lib
creating /home/sebastian/Uniandes202310/Robotica/Taller3/taller3_ws/src/mi_robot_manipulador_12/install/mi_robot_manipulador_12/lib/python3.10/site-packages/mi_robot_manipulador_12
copying /home/sebastian/Uniandes202310/Robotica/Taller3/taller3_ws/src/mi_robot_manipulador_12/build/mi_robot_manipulador_12/build/lib/mi_robot_manipulador_12/robot_manipulator_directK.py -> /home/sebastian/Uniandes202310/Robotica/Taller3/taller3_ws/src/mi_robot_manipulador_12/install/mi_robot_manipulador_12/lib/python3.10/site-packages/mi_robot_manipulador_12
copying /home/sebastian/Uniandes202310/Robotica/Taller3/taller3_ws/src/mi_robot_manipulador_12/build/mi_robot_manipulador_12/build/lib/mi_robot_manipulador_12/__init__.py -> /home/sebastian/Uniandes202310/Robotica/Taller3/taller3_ws/src/mi_robot_manipulador_12/install/mi_robot_manipulador_12/lib/python3.10/site-packages/mi_robot_manipulador_12
copying /home/sebastian/Uniandes202310/Robotica/Taller3/taller3_ws/src/mi_robot_manipulador_12/build/mi_robot_manipulador_12/build/lib/mi_robot_manipulador_12/robot_manipulator_joystick_teleop.py -> /home/sebastian/Uniandes202310/Robotica/Taller3/taller3_ws/src/mi_robot_manipulador_12/install/mi_robot_manipulador_12/lib/python3.10/site-packages/mi_robot_manipulador_12
copying /home/sebastian/Uniandes202310/Robotica/Taller3/taller3_ws/src/mi_robot_manipulador_12/build/mi_robot_manipulador_12/build/lib/mi_robot_manipulador_12/robot_manipulator_interface.py -> /home/sebastian/Uniandes202310/Robotica/Taller3/taller3_ws/src/mi_robot_manipulador_12/install/mi_robot_manipulador_12/lib/python3.10/site-packages/mi_robot_manipulador_12
copying /home/sebastian/Uniandes202310/Robotica/Taller3/taller3_ws/src/mi_robot_manipulador_12/build/mi_robot_manipulador_12/build/lib/mi_robot_manipulador_12/robot_manipulator_planner.py -> /home/sebastian/Uniandes202310/Robotica/Taller3/taller3_ws/src/mi_robot_manipulador_12/install/mi_robot_manipulador_12/lib/python3.10/site-packages/mi_robot_manipulador_12
copying /home/sebastian/Uniandes202310/Robotica/Taller3/taller3_ws/src/mi_robot_manipulador_12/build/mi_robot_manipulador_12/build/lib/mi_robot_manipulador_12/robot_manipulator_teleop.py -> /home/sebastian/Uniandes202310/Robotica/Taller3/taller3_ws/src/mi_robot_manipulador_12/install/mi_robot_manipulador_12/lib/python3.10/site-packages/mi_robot_manipulador_12
copying /home/sebastian/Uniandes202310/Robotica/Taller3/taller3_ws/src/mi_robot_manipulador_12/build/mi_robot_manipulador_12/build/lib/mi_robot_manipulador_12/Serial_writer_manipulator.py -> /home/sebastian/Uniandes202310/Robotica/Taller3/taller3_ws/src/mi_robot_manipulador_12/install/mi_robot_manipulador_12/lib/python3.10/site-packages/mi_robot_manipulador_12
copying /home/sebastian/Uniandes202310/Robotica/Taller3/taller3_ws/src/mi_robot_manipulador_12/build/mi_robot_manipulador_12/build/lib/mi_robot_manipulador_12/RecibirInfoESP.py -> /home/sebastian/Uniandes202310/Robotica/Taller3/taller3_ws/src/mi_robot_manipulador_12/install/mi_robot_manipulador_12/lib/python3.10/site-packages/mi_robot_manipulador_12
copying /home/sebastian/Uniandes202310/Robotica/Taller3/taller3_ws/src/mi_robot_manipulador_12/build/mi_robot_manipulador_12/build/lib/mi_robot_manipulador_12/SerialRaspESP.py -> /home/sebastian/Uniandes202310/Robotica/Taller3/taller3_ws/src/mi_robot_manipulador_12/install/mi_robot_manipulador_12/lib/python3.10/site-packages/mi_robot_manipulador_12
byte-compiling /home/sebastian/Uniandes202310/Robotica/Taller3/taller3_ws/src/mi_robot_manipulador_12/install/mi_robot_manipulador_12/lib/python3.10/site-packages/mi_robot_manipulador_12/robot_manipulator_directK.py to robot_manipulator_directK.cpython-310.pyc
byte-compiling /home/sebastian/Uniandes202310/Robotica/Taller3/taller3_ws/src/mi_robot_manipulador_12/install/mi_robot_manipulador_12/lib/python3.10/site-packages/mi_robot_manipulador_12/__init__.py to __init__.cpython-310.pyc
byte-compiling /home/sebastian/Uniandes202310/Robotica/Taller3/taller3_ws/src/mi_robot_manipulador_12/install/mi_robot_manipulador_12/lib/python3.10/site-packages/mi_robot_manipulador_12/robot_manipulator_joystick_teleop.py to robot_manipulator_joystick_teleop.cpython-310.pyc
byte-compiling /home/sebastian/Uniandes202310/Robotica/Taller3/taller3_ws/src/mi_robot_manipulador_12/install/mi_robot_manipulador_12/lib/python3.10/site-packages/mi_robot_manipulador_12/robot_manipulator_interface.py to robot_manipulator_interface.cpython-310.pyc
byte-compiling /home/sebastian/Uniandes202310/Robotica/Taller3/taller3_ws/src/mi_robot_manipulador_12/install/mi_robot_manipulador_12/lib/python3.10/site-packages/mi_robot_manipulador_12/robot_manipulator_planner.py to robot_manipulator_planner.cpython-310.pyc
byte-compiling /home/sebastian/Uniandes202310/Robotica/Taller3/taller3_ws/src/mi_robot_manipulador_12/install/mi_robot_manipulador_12/lib/python3.10/site-packages/mi_robot_manipulador_12/robot_manipulator_teleop.py to robot_manipulator_teleop.cpython-310.pyc
byte-compiling /home/sebastian/Uniandes202310/Robotica/Taller3/taller3_ws/src/mi_robot_manipulador_12/install/mi_robot_manipulador_12/lib/python3.10/site-packages/mi_robot_manipulador_12/Serial_writer_manipulator.py to Serial_writer_manipulator.cpython-310.pyc
byte-compiling /home/sebastian/Uniandes202310/Robotica/Taller3/taller3_ws/src/mi_robot_manipulador_12/install/mi_robot_manipulador_12/lib/python3.10/site-packages/mi_robot_manipulador_12/RecibirInfoESP.py to RecibirInfoESP.cpython-310.pyc
byte-compiling /home/sebastian/Uniandes202310/Robotica/Taller3/taller3_ws/src/mi_robot_manipulador_12/install/mi_robot_manipulador_12/lib/python3.10/site-packages/mi_robot_manipulador_12/SerialRaspESP.py to SerialRaspESP.cpython-310.pyc
running install_data
creating /home/sebastian/Uniandes202310/Robotica/Taller3/taller3_ws/src/mi_robot_manipulador_12/install/mi_robot_manipulador_12/share/ament_index
creating /home/sebastian/Uniandes202310/Robotica/Taller3/taller3_ws/src/mi_robot_manipulador_12/install/mi_robot_manipulador_12/share/ament_index/resource_index
creating /home/sebastian/Uniandes202310/Robotica/Taller3/taller3_ws/src/mi_robot_manipulador_12/install/mi_robot_manipulador_12/share/ament_index/resource_index/packages
copying resource/mi_robot_manipulador_12 -> /home/sebastian/Uniandes202310/Robotica/Taller3/taller3_ws/src/mi_robot_manipulador_12/install/mi_robot_manipulador_12/share/ament_index/resource_index/packages
copying package.xml -> /home/sebastian/Uniandes202310/Robotica/Taller3/taller3_ws/src/mi_robot_manipulador_12/install/mi_robot_manipulador_12/share/mi_robot_manipulador_12
running install_egg_info
Copying build/mi_robot_manipulador_12/mi_robot_manipulador_12.egg-info to /home/sebastian/Uniandes202310/Robotica/Taller3/taller3_ws/src/mi_robot_manipulador_12/install/mi_robot_manipulador_12/lib/python3.10/site-packages/mi_robot_manipulador_12-0.0.0-py3.10.egg-info
running install_scripts
Installing RecibirInfoESP script to /home/sebastian/Uniandes202310/Robotica/Taller3/taller3_ws/src/mi_robot_manipulador_12/install/mi_robot_manipulador_12/lib/mi_robot_manipulador_12
Installing SerialRaspESP script to /home/sebastian/Uniandes202310/Robotica/Taller3/taller3_ws/src/mi_robot_manipulador_12/install/mi_robot_manipulador_12/lib/mi_robot_manipulador_12
Installing Serial_writer_manipulator script to /home/sebastian/Uniandes202310/Robotica/Taller3/taller3_ws/src/mi_robot_manipulador_12/install/mi_robot_manipulador_12/lib/mi_robot_manipulador_12
Installing robot_manipulator_directK script to /home/sebastian/Uniandes202310/Robotica/Taller3/taller3_ws/src/mi_robot_manipulador_12/install/mi_robot_manipulador_12/lib/mi_robot_manipulador_12
Installing robot_manipulator_interface script to /home/sebastian/Uniandes202310/Robotica/Taller3/taller3_ws/src/mi_robot_manipulador_12/install/mi_robot_manipulador_12/lib/mi_robot_manipulador_12
Installing robot_manipulator_joystick_teleop script to /home/sebastian/Uniandes202310/Robotica/Taller3/taller3_ws/src/mi_robot_manipulador_12/install/mi_robot_manipulador_12/lib/mi_robot_manipulador_12
Installing robot_manipulator_planner script to /home/sebastian/Uniandes202310/Robotica/Taller3/taller3_ws/src/mi_robot_manipulador_12/install/mi_robot_manipulador_12/lib/mi_robot_manipulador_12
Installing robot_manipulator_teleop script to /home/sebastian/Uniandes202310/Robotica/Taller3/taller3_ws/src/mi_robot_manipulador_12/install/mi_robot_manipulador_12/lib/mi_robot_manipulador_12
writing list of installed files to '/home/sebastian/Uniandes202310/Robotica/Taller3/taller3_ws/src/mi_robot_manipulador_12/build/mi_robot_manipulador_12/install.log'
