[1.952s] Invoking command in '/home/sebastian/Uniandes202310/Robotica/Taller3/taller3_ws/src/mi_robot_manipulador_12': PYTHONPATH=/home/sebastian/Uniandes202310/Robotica/Taller3/taller3_ws/src/mi_robot_manipulador_12/build/mi_robot_manipulador_12/prefix_override:/home/sebastian/Uniandes202310/Robotica/Taller3/taller3_ws/src/mi_robot_manipulador_12/install/mi_robot_manipulador_12/lib/python3.10/site-packages:${PYTHONPATH} /usr/bin/python3 setup.py egg_info --egg-base build/mi_robot_manipulador_12 build --build-base /home/sebastian/Uniandes202310/Robotica/Taller3/taller3_ws/src/mi_robot_manipulador_12/build/mi_robot_manipulador_12/build install --record /home/sebastian/Uniandes202310/Robotica/Taller3/taller3_ws/src/mi_robot_manipulador_12/build/mi_robot_manipulador_12/install.log --single-version-externally-managed
[2.853s] running egg_info
[2.855s] creating build/mi_robot_manipulador_12/mi_robot_manipulador_12.egg-info
[2.856s] writing build/mi_robot_manipulador_12/mi_robot_manipulador_12.egg-info/PKG-INFO
[2.857s] writing dependency_links to build/mi_robot_manipulador_12/mi_robot_manipulador_12.egg-info/dependency_links.txt
[2.858s] writing entry points to build/mi_robot_manipulador_12/mi_robot_manipulador_12.egg-info/entry_points.txt
[2.859s] writing requirements to build/mi_robot_manipulador_12/mi_robot_manipulador_12.egg-info/requires.txt
[2.860s] writing top-level names to build/mi_robot_manipulador_12/mi_robot_manipulador_12.egg-info/top_level.txt
[2.860s] writing manifest file 'build/mi_robot_manipulador_12/mi_robot_manipulador_12.egg-info/SOURCES.txt'
[2.867s] reading manifest file 'build/mi_robot_manipulador_12/mi_robot_manipulador_12.egg-info/SOURCES.txt'
[2.877s] writing manifest file 'build/mi_robot_manipulador_12/mi_robot_manipulador_12.egg-info/SOURCES.txt'
[2.877s] running build
[2.878s] running build_py
[2.885s] creating /home/sebastian/Uniandes202310/Robotica/Taller3/taller3_ws/src/mi_robot_manipulador_12/build/mi_robot_manipulador_12/build
[2.885s] creating /home/sebastian/Uniandes202310/Robotica/Taller3/taller3_ws/src/mi_robot_manipulador_12/build/mi_robot_manipulador_12/build/lib
[2.886s] creating /home/sebastian/Uniandes202310/Robotica/Taller3/taller3_ws/src/mi_robot_manipulador_12/build/mi_robot_manipulador_12/build/lib/mi_robot_manipulador_12
[2.887s] copying mi_robot_manipulador_12/robot_manipulator_directK.py -> /home/sebastian/Uniandes202310/Robotica/Taller3/taller3_ws/src/mi_robot_manipulador_12/build/mi_robot_manipulador_12/build/lib/mi_robot_manipulador_12
[2.888s] copying mi_robot_manipulador_12/__init__.py -> /home/sebastian/Uniandes202310/Robotica/Taller3/taller3_ws/src/mi_robot_manipulador_12/build/mi_robot_manipulador_12/build/lib/mi_robot_manipulador_12
[2.889s] copying mi_robot_manipulador_12/robot_manipulator_joystick_teleop.py -> /home/sebastian/Uniandes202310/Robotica/Taller3/taller3_ws/src/mi_robot_manipulador_12/build/mi_robot_manipulador_12/build/lib/mi_robot_manipulador_12
[2.890s] copying mi_robot_manipulador_12/robot_manipulator_interface.py -> /home/sebastian/Uniandes202310/Robotica/Taller3/taller3_ws/src/mi_robot_manipulador_12/build/mi_robot_manipulador_12/build/lib/mi_robot_manipulador_12
[2.890s] copying mi_robot_manipulador_12/robot_manipulator_planner.py -> /home/sebastian/Uniandes202310/Robotica/Taller3/taller3_ws/src/mi_robot_manipulador_12/build/mi_robot_manipulador_12/build/lib/mi_robot_manipulador_12
[2.891s] copying mi_robot_manipulador_12/robot_manipulator_teleop.py -> /home/sebastian/Uniandes202310/Robotica/Taller3/taller3_ws/src/mi_robot_manipulador_12/build/mi_robot_manipulador_12/build/lib/mi_robot_manipulador_12
[2.892s] copying mi_robot_manipulador_12/Serial_writer_manipulator.py -> /home/sebastian/Uniandes202310/Robotica/Taller3/taller3_ws/src/mi_robot_manipulador_12/build/mi_robot_manipulador_12/build/lib/mi_robot_manipulador_12
[2.893s] copying mi_robot_manipulador_12/RecibirInfoESP.py -> /home/sebastian/Uniandes202310/Robotica/Taller3/taller3_ws/src/mi_robot_manipulador_12/build/mi_robot_manipulador_12/build/lib/mi_robot_manipulador_12
[2.894s] copying mi_robot_manipulador_12/SerialRaspESP.py -> /home/sebastian/Uniandes202310/Robotica/Taller3/taller3_ws/src/mi_robot_manipulador_12/build/mi_robot_manipulador_12/build/lib/mi_robot_manipulador_12
[2.894s] running install
[2.896s] /usr/lib/python3/dist-packages/setuptools/command/install.py:34: SetuptoolsDeprecationWarning: setup.py install is deprecated. Use build and pip and other standards-based tools.
[2.898s]   warnings.warn(
[2.899s] running install_lib
[2.901s] creating /home/sebastian/Uniandes202310/Robotica/Taller3/taller3_ws/src/mi_robot_manipulador_12/install/mi_robot_manipulador_12/lib/python3.10/site-packages/mi_robot_manipulador_12
[2.903s] copying /home/sebastian/Uniandes202310/Robotica/Taller3/taller3_ws/src/mi_robot_manipulador_12/build/mi_robot_manipulador_12/build/lib/mi_robot_manipulador_12/robot_manipulator_directK.py -> /home/sebastian/Uniandes202310/Robotica/Taller3/taller3_ws/src/mi_robot_manipulador_12/install/mi_robot_manipulador_12/lib/python3.10/site-packages/mi_robot_manipulador_12
[2.904s] copying /home/sebastian/Uniandes202310/Robotica/Taller3/taller3_ws/src/mi_robot_manipulador_12/build/mi_robot_manipulador_12/build/lib/mi_robot_manipulador_12/__init__.py -> /home/sebastian/Uniandes202310/Robotica/Taller3/taller3_ws/src/mi_robot_manipulador_12/install/mi_robot_manipulador_12/lib/python3.10/site-packages/mi_robot_manipulador_12
[2.906s] copying /home/sebastian/Uniandes202310/Robotica/Taller3/taller3_ws/src/mi_robot_manipulador_12/build/mi_robot_manipulador_12/build/lib/mi_robot_manipulador_12/robot_manipulator_joystick_teleop.py -> /home/sebastian/Uniandes202310/Robotica/Taller3/taller3_ws/src/mi_robot_manipulador_12/install/mi_robot_manipulador_12/lib/python3.10/site-packages/mi_robot_manipulador_12
[2.908s] copying /home/sebastian/Uniandes202310/Robotica/Taller3/taller3_ws/src/mi_robot_manipulador_12/build/mi_robot_manipulador_12/build/lib/mi_robot_manipulador_12/robot_manipulator_interface.py -> /home/sebastian/Uniandes202310/Robotica/Taller3/taller3_ws/src/mi_robot_manipulador_12/install/mi_robot_manipulador_12/lib/python3.10/site-packages/mi_robot_manipulador_12
[2.910s] copying /home/sebastian/Uniandes202310/Robotica/Taller3/taller3_ws/src/mi_robot_manipulador_12/build/mi_robot_manipulador_12/build/lib/mi_robot_manipulador_12/robot_manipulator_planner.py -> /home/sebastian/Uniandes202310/Robotica/Taller3/taller3_ws/src/mi_robot_manipulador_12/install/mi_robot_manipulador_12/lib/python3.10/site-packages/mi_robot_manipulador_12
[2.912s] copying /home/sebastian/Uniandes202310/Robotica/Taller3/taller3_ws/src/mi_robot_manipulador_12/build/mi_robot_manipulador_12/build/lib/mi_robot_manipulador_12/robot_manipulator_teleop.py -> /home/sebastian/Uniandes202310/Robotica/Taller3/taller3_ws/src/mi_robot_manipulador_12/install/mi_robot_manipulador_12/lib/python3.10/site-packages/mi_robot_manipulador_12
[2.913s] copying /home/sebastian/Uniandes202310/Robotica/Taller3/taller3_ws/src/mi_robot_manipulador_12/build/mi_robot_manipulador_12/build/lib/mi_robot_manipulador_12/Serial_writer_manipulator.py -> /home/sebastian/Uniandes202310/Robotica/Taller3/taller3_ws/src/mi_robot_manipulador_12/install/mi_robot_manipulador_12/lib/python3.10/site-packages/mi_robot_manipulador_12
[2.915s] copying /home/sebastian/Uniandes202310/Robotica/Taller3/taller3_ws/src/mi_robot_manipulador_12/build/mi_robot_manipulador_12/build/lib/mi_robot_manipulador_12/RecibirInfoESP.py -> /home/sebastian/Uniandes202310/Robotica/Taller3/taller3_ws/src/mi_robot_manipulador_12/install/mi_robot_manipulador_12/lib/python3.10/site-packages/mi_robot_manipulador_12
[2.916s] copying /home/sebastian/Uniandes202310/Robotica/Taller3/taller3_ws/src/mi_robot_manipulador_12/build/mi_robot_manipulador_12/build/lib/mi_robot_manipulador_12/SerialRaspESP.py -> /home/sebastian/Uniandes202310/Robotica/Taller3/taller3_ws/src/mi_robot_manipulador_12/install/mi_robot_manipulador_12/lib/python3.10/site-packages/mi_robot_manipulador_12
[2.917s] byte-compiling /home/sebastian/Uniandes202310/Robotica/Taller3/taller3_ws/src/mi_robot_manipulador_12/install/mi_robot_manipulador_12/lib/python3.10/site-packages/mi_robot_manipulador_12/robot_manipulator_directK.py to robot_manipulator_directK.cpython-310.pyc
[2.919s] byte-compiling /home/sebastian/Uniandes202310/Robotica/Taller3/taller3_ws/src/mi_robot_manipulador_12/install/mi_robot_manipulador_12/lib/python3.10/site-packages/mi_robot_manipulador_12/__init__.py to __init__.cpython-310.pyc
[2.920s] byte-compiling /home/sebastian/Uniandes202310/Robotica/Taller3/taller3_ws/src/mi_robot_manipulador_12/install/mi_robot_manipulador_12/lib/python3.10/site-packages/mi_robot_manipulador_12/robot_manipulator_joystick_teleop.py to robot_manipulator_joystick_teleop.cpython-310.pyc
[2.921s] byte-compiling /home/sebastian/Uniandes202310/Robotica/Taller3/taller3_ws/src/mi_robot_manipulador_12/install/mi_robot_manipulador_12/lib/python3.10/site-packages/mi_robot_manipulador_12/robot_manipulator_interface.py to robot_manipulator_interface.cpython-310.pyc
[2.921s] byte-compiling /home/sebastian/Uniandes202310/Robotica/Taller3/taller3_ws/src/mi_robot_manipulador_12/install/mi_robot_manipulador_12/lib/python3.10/site-packages/mi_robot_manipulador_12/robot_manipulator_planner.py to robot_manipulator_planner.cpython-310.pyc
[2.922s] byte-compiling /home/sebastian/Uniandes202310/Robotica/Taller3/taller3_ws/src/mi_robot_manipulador_12/install/mi_robot_manipulador_12/lib/python3.10/site-packages/mi_robot_manipulador_12/robot_manipulator_teleop.py to robot_manipulator_teleop.cpython-310.pyc
[2.923s] byte-compiling /home/sebastian/Uniandes202310/Robotica/Taller3/taller3_ws/src/mi_robot_manipulador_12/install/mi_robot_manipulador_12/lib/python3.10/site-packages/mi_robot_manipulador_12/Serial_writer_manipulator.py to Serial_writer_manipulator.cpython-310.pyc
[2.923s] byte-compiling /home/sebastian/Uniandes202310/Robotica/Taller3/taller3_ws/src/mi_robot_manipulador_12/install/mi_robot_manipulador_12/lib/python3.10/site-packages/mi_robot_manipulador_12/RecibirInfoESP.py to RecibirInfoESP.cpython-310.pyc
[2.924s] byte-compiling /home/sebastian/Uniandes202310/Robotica/Taller3/taller3_ws/src/mi_robot_manipulador_12/install/mi_robot_manipulador_12/lib/python3.10/site-packages/mi_robot_manipulador_12/SerialRaspESP.py to SerialRaspESP.cpython-310.pyc
[2.927s] running install_data
[2.931s] creating /home/sebastian/Uniandes202310/Robotica/Taller3/taller3_ws/src/mi_robot_manipulador_12/install/mi_robot_manipulador_12/share/ament_index
[2.932s] creating /home/sebastian/Uniandes202310/Robotica/Taller3/taller3_ws/src/mi_robot_manipulador_12/install/mi_robot_manipulador_12/share/ament_index/resource_index
[2.932s] creating /home/sebastian/Uniandes202310/Robotica/Taller3/taller3_ws/src/mi_robot_manipulador_12/install/mi_robot_manipulador_12/share/ament_index/resource_index/packages
[2.933s] copying resource/mi_robot_manipulador_12 -> /home/sebastian/Uniandes202310/Robotica/Taller3/taller3_ws/src/mi_robot_manipulador_12/install/mi_robot_manipulador_12/share/ament_index/resource_index/packages
[2.934s] copying package.xml -> /home/sebastian/Uniandes202310/Robotica/Taller3/taller3_ws/src/mi_robot_manipulador_12/install/mi_robot_manipulador_12/share/mi_robot_manipulador_12
[2.938s] running install_egg_info
[2.940s] Copying build/mi_robot_manipulador_12/mi_robot_manipulador_12.egg-info to /home/sebastian/Uniandes202310/Robotica/Taller3/taller3_ws/src/mi_robot_manipulador_12/install/mi_robot_manipulador_12/lib/python3.10/site-packages/mi_robot_manipulador_12-0.0.0-py3.10.egg-info
[2.944s] running install_scripts
[3.037s] Installing RecibirInfoESP script to /home/sebastian/Uniandes202310/Robotica/Taller3/taller3_ws/src/mi_robot_manipulador_12/install/mi_robot_manipulador_12/lib/mi_robot_manipulador_12
[3.037s] Installing SerialRaspESP script to /home/sebastian/Uniandes202310/Robotica/Taller3/taller3_ws/src/mi_robot_manipulador_12/install/mi_robot_manipulador_12/lib/mi_robot_manipulador_12
[3.038s] Installing Serial_writer_manipulator script to /home/sebastian/Uniandes202310/Robotica/Taller3/taller3_ws/src/mi_robot_manipulador_12/install/mi_robot_manipulador_12/lib/mi_robot_manipulador_12
[3.039s] Installing robot_manipulator_directK script to /home/sebastian/Uniandes202310/Robotica/Taller3/taller3_ws/src/mi_robot_manipulador_12/install/mi_robot_manipulador_12/lib/mi_robot_manipulador_12
[3.039s] Installing robot_manipulator_interface script to /home/sebastian/Uniandes202310/Robotica/Taller3/taller3_ws/src/mi_robot_manipulador_12/install/mi_robot_manipulador_12/lib/mi_robot_manipulador_12
[3.040s] Installing robot_manipulator_joystick_teleop script to /home/sebastian/Uniandes202310/Robotica/Taller3/taller3_ws/src/mi_robot_manipulador_12/install/mi_robot_manipulador_12/lib/mi_robot_manipulador_12
[3.041s] Installing robot_manipulator_planner script to /home/sebastian/Uniandes202310/Robotica/Taller3/taller3_ws/src/mi_robot_manipulador_12/install/mi_robot_manipulador_12/lib/mi_robot_manipulador_12
[3.041s] Installing robot_manipulator_teleop script to /home/sebastian/Uniandes202310/Robotica/Taller3/taller3_ws/src/mi_robot_manipulador_12/install/mi_robot_manipulador_12/lib/mi_robot_manipulador_12
[3.042s] writing list of installed files to '/home/sebastian/Uniandes202310/Robotica/Taller3/taller3_ws/src/mi_robot_manipulador_12/build/mi_robot_manipulador_12/install.log'
[3.142s] Invoked command in '/home/sebastian/Uniandes202310/Robotica/Taller3/taller3_ws/src/mi_robot_manipulador_12' returned '0': PYTHONPATH=/home/sebastian/Uniandes202310/Robotica/Taller3/taller3_ws/src/mi_robot_manipulador_12/build/mi_robot_manipulador_12/prefix_override:/home/sebastian/Uniandes202310/Robotica/Taller3/taller3_ws/src/mi_robot_manipulador_12/install/mi_robot_manipulador_12/lib/python3.10/site-packages:${PYTHONPATH} /usr/bin/python3 setup.py egg_info --egg-base build/mi_robot_manipulador_12 build --build-base /home/sebastian/Uniandes202310/Robotica/Taller3/taller3_ws/src/mi_robot_manipulador_12/build/mi_robot_manipulador_12/build install --record /home/sebastian/Uniandes202310/Robotica/Taller3/taller3_ws/src/mi_robot_manipulador_12/build/mi_robot_manipulador_12/install.log --single-version-externally-managed
