[1.319s] DEBUG:colcon:Command line arguments: ['/usr/bin/colcon', 'build']
[1.319s] DEBUG:colcon:Parsed command line arguments: Namespace(log_base=None, log_level=None, verb_name='build', build_base='build', install_base='install', merge_install=False, symlink_install=False, test_result_base=None, continue_on_error=False, executor='parallel', parallel_workers=8, event_handlers=None, ignore_user_meta=False, metas=['./colcon.meta'], base_paths=['.'], packages_ignore=None, packages_ignore_regex=None, paths=None, packages_up_to=None, packages_up_to_regex=None, packages_above=None, packages_above_and_dependencies=None, packages_above_depth=None, packages_select_by_dep=None, packages_skip_by_dep=None, packages_skip_up_to=None, packages_select_build_failed=False, packages_skip_build_finished=False, packages_select_test_failures=False, packages_skip_test_passed=False, packages_select=None, packages_skip=None, packages_select_regex=None, packages_skip_regex=None, packages_start=None, packages_end=None, allow_overriding=[], cmake_args=None, cmake_target=None, cmake_target_skip_unavailable=False, cmake_clean_cache=False, cmake_clean_first=False, cmake_force_configure=False, ament_cmake_args=None, catkin_cmake_args=None, catkin_skip_building_tests=False, verb_parser=<colcon_defaults.argument_parser.defaults.DefaultArgumentsDecorator object at 0x7fa1c53210c0>, verb_extension=<colcon_core.verb.build.BuildVerb object at 0x7fa1c5d21c00>, main=<bound method BuildVerb.main of <colcon_core.verb.build.BuildVerb object at 0x7fa1c5d21c00>>)
[1.401s] Level 1:colcon.colcon_core.package_discovery:discover_packages(colcon_meta) check parameters
[1.401s] Level 1:colcon.colcon_core.package_discovery:discover_packages(recursive) check parameters
[1.401s] Level 1:colcon.colcon_core.package_discovery:discover_packages(ignore) check parameters
[1.401s] Level 1:colcon.colcon_core.package_discovery:discover_packages(path) check parameters
[1.402s] Level 1:colcon.colcon_core.package_discovery:discover_packages(colcon_meta) discover
[1.402s] Level 1:colcon.colcon_core.package_discovery:discover_packages(recursive) discover
[1.402s] INFO:colcon.colcon_core.package_discovery:Crawling recursively for packages in '/home/sebastian/Uniandes202310/Robotica/Taller3/taller3_ws/src/mi_robot_manipulador_12'
[1.402s] Level 1:colcon.colcon_core.package_identification:_identify(.) by extensions ['ignore', 'ignore_ament_install']
[1.403s] Level 1:colcon.colcon_core.package_identification:_identify(.) by extension 'ignore'
[1.403s] Level 1:colcon.colcon_core.package_identification:_identify(.) by extension 'ignore_ament_install'
[1.403s] Level 1:colcon.colcon_core.package_identification:_identify(.) by extensions ['colcon_pkg']
[1.403s] Level 1:colcon.colcon_core.package_identification:_identify(.) by extension 'colcon_pkg'
[1.404s] Level 1:colcon.colcon_core.package_identification:_identify(.) by extensions ['colcon_meta']
[1.404s] Level 1:colcon.colcon_core.package_identification:_identify(.) by extension 'colcon_meta'
[1.404s] Level 1:colcon.colcon_core.package_identification:_identify(.) by extensions ['ros']
[1.404s] Level 1:colcon.colcon_core.package_identification:_identify(.) by extension 'ros'
[1.456s] DEBUG:colcon.colcon_core.package_identification:Package '.' with type 'ros.ament_python' and name 'mi_robot_manipulador_12'
[1.456s] Level 1:colcon.colcon_core.package_discovery:discover_packages(recursive) using defaults
[1.456s] Level 1:colcon.colcon_core.package_discovery:discover_packages(ignore) discover
[1.456s] Level 1:colcon.colcon_core.package_discovery:discover_packages(ignore) using defaults
[1.457s] Level 1:colcon.colcon_core.package_discovery:discover_packages(path) discover
[1.457s] Level 1:colcon.colcon_core.package_discovery:discover_packages(path) using defaults
[1.533s] Level 1:colcon.colcon_core.package_discovery:discover_packages(prefix_path) check parameters
[1.533s] Level 1:colcon.colcon_core.package_discovery:discover_packages(prefix_path) discover
[1.542s] DEBUG:colcon.colcon_installed_package_information.package_discovery:Found 1 installed packages in /home/sebastian/Uniandes202310/Robotica/Taller3/taller3_ws/install
[1.547s] DEBUG:colcon.colcon_installed_package_information.package_discovery:Found 275 installed packages in /opt/ros/humble
[1.552s] Level 1:colcon.colcon_core.package_discovery:discover_packages(prefix_path) using defaults
[1.750s] Level 5:colcon.colcon_core.verb:set package 'mi_robot_manipulador_12' build argument 'cmake_args' from command line to 'None'
[1.750s] Level 5:colcon.colcon_core.verb:set package 'mi_robot_manipulador_12' build argument 'cmake_target' from command line to 'None'
[1.750s] Level 5:colcon.colcon_core.verb:set package 'mi_robot_manipulador_12' build argument 'cmake_target_skip_unavailable' from command line to 'False'
[1.750s] Level 5:colcon.colcon_core.verb:set package 'mi_robot_manipulador_12' build argument 'cmake_clean_cache' from command line to 'False'
[1.750s] Level 5:colcon.colcon_core.verb:set package 'mi_robot_manipulador_12' build argument 'cmake_clean_first' from command line to 'False'
[1.751s] Level 5:colcon.colcon_core.verb:set package 'mi_robot_manipulador_12' build argument 'cmake_force_configure' from command line to 'False'
[1.751s] Level 5:colcon.colcon_core.verb:set package 'mi_robot_manipulador_12' build argument 'ament_cmake_args' from command line to 'None'
[1.751s] Level 5:colcon.colcon_core.verb:set package 'mi_robot_manipulador_12' build argument 'catkin_cmake_args' from command line to 'None'
[1.751s] Level 5:colcon.colcon_core.verb:set package 'mi_robot_manipulador_12' build argument 'catkin_skip_building_tests' from command line to 'False'
[1.751s] DEBUG:colcon.colcon_core.verb:Building package 'mi_robot_manipulador_12' with the following arguments: {'ament_cmake_args': None, 'build_base': '/home/sebastian/Uniandes202310/Robotica/Taller3/taller3_ws/src/mi_robot_manipulador_12/build/mi_robot_manipulador_12', 'catkin_cmake_args': None, 'catkin_skip_building_tests': False, 'cmake_args': None, 'cmake_clean_cache': False, 'cmake_clean_first': False, 'cmake_force_configure': False, 'cmake_target': None, 'cmake_target_skip_unavailable': False, 'install_base': '/home/sebastian/Uniandes202310/Robotica/Taller3/taller3_ws/src/mi_robot_manipulador_12/install/mi_robot_manipulador_12', 'merge_install': False, 'path': '/home/sebastian/Uniandes202310/Robotica/Taller3/taller3_ws/src/mi_robot_manipulador_12', 'symlink_install': False, 'test_result_base': None}
[1.754s] INFO:colcon.colcon_core.executor:Executing jobs using 'parallel' executor
[1.765s] DEBUG:colcon.colcon_parallel_executor.executor.parallel:run_until_complete
[1.765s] INFO:colcon.colcon_ros.task.ament_python.build:Building ROS package in '/home/sebastian/Uniandes202310/Robotica/Taller3/taller3_ws/src/mi_robot_manipulador_12' with build type 'ament_python'
[1.766s] Level 1:colcon.colcon_core.shell:create_environment_hook('mi_robot_manipulador_12', 'ament_prefix_path')
[1.783s] INFO:colcon.colcon_core.plugin_system:Skipping extension 'colcon_core.shell.bat': Not used on non-Windows systems
[1.784s] INFO:colcon.colcon_core.shell:Creating environment hook '/home/sebastian/Uniandes202310/Robotica/Taller3/taller3_ws/src/mi_robot_manipulador_12/install/mi_robot_manipulador_12/share/mi_robot_manipulador_12/hook/ament_prefix_path.ps1'
[1.787s] INFO:colcon.colcon_core.shell:Creating environment descriptor '/home/sebastian/Uniandes202310/Robotica/Taller3/taller3_ws/src/mi_robot_manipulador_12/install/mi_robot_manipulador_12/share/mi_robot_manipulador_12/hook/ament_prefix_path.dsv'
[1.788s] INFO:colcon.colcon_core.shell:Creating environment hook '/home/sebastian/Uniandes202310/Robotica/Taller3/taller3_ws/src/mi_robot_manipulador_12/install/mi_robot_manipulador_12/share/mi_robot_manipulador_12/hook/ament_prefix_path.sh'
[1.796s] INFO:colcon.colcon_core.shell:Skip shell extension 'powershell' for command environment: Not usable outside of PowerShell
[1.797s] DEBUG:colcon.colcon_core.shell:Skip shell extension 'dsv' for command environment
[2.624s] INFO:colcon.colcon_core.task.python.build:Building Python package in '/home/sebastian/Uniandes202310/Robotica/Taller3/taller3_ws/src/mi_robot_manipulador_12'
[2.629s] INFO:colcon.colcon_core.shell:Skip shell extension 'powershell' for command environment: Not usable outside of PowerShell
[2.629s] DEBUG:colcon.colcon_core.shell:Skip shell extension 'dsv' for command environment
[3.718s] DEBUG:colcon.colcon_core.event_handler.log_command:Invoking command in '/home/sebastian/Uniandes202310/Robotica/Taller3/taller3_ws/src/mi_robot_manipulador_12': PYTHONPATH=/home/sebastian/Uniandes202310/Robotica/Taller3/taller3_ws/src/mi_robot_manipulador_12/build/mi_robot_manipulador_12/prefix_override:/home/sebastian/Uniandes202310/Robotica/Taller3/taller3_ws/src/mi_robot_manipulador_12/install/mi_robot_manipulador_12/lib/python3.10/site-packages:${PYTHONPATH} /usr/bin/python3 setup.py egg_info --egg-base build/mi_robot_manipulador_12 build --build-base /home/sebastian/Uniandes202310/Robotica/Taller3/taller3_ws/src/mi_robot_manipulador_12/build/mi_robot_manipulador_12/build install --record /home/sebastian/Uniandes202310/Robotica/Taller3/taller3_ws/src/mi_robot_manipulador_12/build/mi_robot_manipulador_12/install.log --single-version-externally-managed
[4.908s] DEBUG:colcon.colcon_core.event_handler.log_command:Invoked command in '/home/sebastian/Uniandes202310/Robotica/Taller3/taller3_ws/src/mi_robot_manipulador_12' returned '0': PYTHONPATH=/home/sebastian/Uniandes202310/Robotica/Taller3/taller3_ws/src/mi_robot_manipulador_12/build/mi_robot_manipulador_12/prefix_override:/home/sebastian/Uniandes202310/Robotica/Taller3/taller3_ws/src/mi_robot_manipulador_12/install/mi_robot_manipulador_12/lib/python3.10/site-packages:${PYTHONPATH} /usr/bin/python3 setup.py egg_info --egg-base build/mi_robot_manipulador_12 build --build-base /home/sebastian/Uniandes202310/Robotica/Taller3/taller3_ws/src/mi_robot_manipulador_12/build/mi_robot_manipulador_12/build install --record /home/sebastian/Uniandes202310/Robotica/Taller3/taller3_ws/src/mi_robot_manipulador_12/build/mi_robot_manipulador_12/install.log --single-version-externally-managed
[4.929s] Level 1:colcon.colcon_core.environment:checking '/home/sebastian/Uniandes202310/Robotica/Taller3/taller3_ws/src/mi_robot_manipulador_12/install/mi_robot_manipulador_12' for CMake module files
[4.931s] Level 1:colcon.colcon_core.environment:checking '/home/sebastian/Uniandes202310/Robotica/Taller3/taller3_ws/src/mi_robot_manipulador_12/install/mi_robot_manipulador_12' for CMake config files
[4.934s] Level 1:colcon.colcon_core.environment:checking '/home/sebastian/Uniandes202310/Robotica/Taller3/taller3_ws/src/mi_robot_manipulador_12/install/mi_robot_manipulador_12/lib'
[4.935s] Level 1:colcon.colcon_core.environment:checking '/home/sebastian/Uniandes202310/Robotica/Taller3/taller3_ws/src/mi_robot_manipulador_12/install/mi_robot_manipulador_12/bin'
[4.935s] Level 1:colcon.colcon_core.environment:checking '/home/sebastian/Uniandes202310/Robotica/Taller3/taller3_ws/src/mi_robot_manipulador_12/install/mi_robot_manipulador_12/lib/pkgconfig/mi_robot_manipulador_12.pc'
[4.937s] Level 1:colcon.colcon_core.environment:checking '/home/sebastian/Uniandes202310/Robotica/Taller3/taller3_ws/src/mi_robot_manipulador_12/install/mi_robot_manipulador_12/lib/python3.10/site-packages'
[4.937s] Level 1:colcon.colcon_core.shell:create_environment_hook('mi_robot_manipulador_12', 'pythonpath')
[4.944s] INFO:colcon.colcon_core.shell:Creating environment hook '/home/sebastian/Uniandes202310/Robotica/Taller3/taller3_ws/src/mi_robot_manipulador_12/install/mi_robot_manipulador_12/share/mi_robot_manipulador_12/hook/pythonpath.ps1'
[4.946s] INFO:colcon.colcon_core.shell:Creating environment descriptor '/home/sebastian/Uniandes202310/Robotica/Taller3/taller3_ws/src/mi_robot_manipulador_12/install/mi_robot_manipulador_12/share/mi_robot_manipulador_12/hook/pythonpath.dsv'
[4.947s] INFO:colcon.colcon_core.shell:Creating environment hook '/home/sebastian/Uniandes202310/Robotica/Taller3/taller3_ws/src/mi_robot_manipulador_12/install/mi_robot_manipulador_12/share/mi_robot_manipulador_12/hook/pythonpath.sh'
[4.949s] Level 1:colcon.colcon_core.environment:checking '/home/sebastian/Uniandes202310/Robotica/Taller3/taller3_ws/src/mi_robot_manipulador_12/install/mi_robot_manipulador_12/bin'
[4.950s] Level 1:colcon.colcon_core.environment:create_environment_scripts_only(mi_robot_manipulador_12)
[4.956s] INFO:colcon.colcon_core.shell:Creating package script '/home/sebastian/Uniandes202310/Robotica/Taller3/taller3_ws/src/mi_robot_manipulador_12/install/mi_robot_manipulador_12/share/mi_robot_manipulador_12/package.ps1'
[4.960s] INFO:colcon.colcon_core.shell:Creating package descriptor '/home/sebastian/Uniandes202310/Robotica/Taller3/taller3_ws/src/mi_robot_manipulador_12/install/mi_robot_manipulador_12/share/mi_robot_manipulador_12/package.dsv'
[4.963s] INFO:colcon.colcon_core.shell:Creating package script '/home/sebastian/Uniandes202310/Robotica/Taller3/taller3_ws/src/mi_robot_manipulador_12/install/mi_robot_manipulador_12/share/mi_robot_manipulador_12/package.sh'
[4.966s] INFO:colcon.colcon_core.shell:Creating package script '/home/sebastian/Uniandes202310/Robotica/Taller3/taller3_ws/src/mi_robot_manipulador_12/install/mi_robot_manipulador_12/share/mi_robot_manipulador_12/package.bash'
[4.969s] INFO:colcon.colcon_core.shell:Creating package script '/home/sebastian/Uniandes202310/Robotica/Taller3/taller3_ws/src/mi_robot_manipulador_12/install/mi_robot_manipulador_12/share/mi_robot_manipulador_12/package.zsh'
[4.971s] Level 1:colcon.colcon_core.environment:create_file_with_runtime_dependencies(/home/sebastian/Uniandes202310/Robotica/Taller3/taller3_ws/src/mi_robot_manipulador_12/install/mi_robot_manipulador_12/share/colcon-core/packages/mi_robot_manipulador_12)
[4.973s] DEBUG:colcon.colcon_parallel_executor.executor.parallel:closing loop
[4.973s] DEBUG:colcon.colcon_parallel_executor.executor.parallel:loop closed
[4.974s] DEBUG:colcon.colcon_parallel_executor.executor.parallel:run_until_complete finished with '0'
[4.974s] DEBUG:colcon.colcon_core.event_reactor:joining thread
[4.995s] INFO:colcon.colcon_core.plugin_system:Skipping extension 'colcon_notification.desktop_notification.terminal_notifier': Not used on non-Darwin systems
[4.995s] INFO:colcon.colcon_core.plugin_system:Skipping extension 'colcon_notification.desktop_notification.win32': Not used on non-Windows systems
[4.996s] INFO:colcon.colcon_notification.desktop_notification:Sending desktop notification using 'notify2'
[5.026s] DEBUG:colcon.colcon_core.event_reactor:joined thread
[5.033s] INFO:colcon.colcon_core.shell:Creating prefix script '/home/sebastian/Uniandes202310/Robotica/Taller3/taller3_ws/src/mi_robot_manipulador_12/install/local_setup.ps1'
[5.037s] INFO:colcon.colcon_core.shell:Creating prefix util module '/home/sebastian/Uniandes202310/Robotica/Taller3/taller3_ws/src/mi_robot_manipulador_12/install/_local_setup_util_ps1.py'
[5.043s] INFO:colcon.colcon_core.shell:Creating prefix chain script '/home/sebastian/Uniandes202310/Robotica/Taller3/taller3_ws/src/mi_robot_manipulador_12/install/setup.ps1'
[5.049s] INFO:colcon.colcon_core.shell:Creating prefix script '/home/sebastian/Uniandes202310/Robotica/Taller3/taller3_ws/src/mi_robot_manipulador_12/install/local_setup.sh'
[5.051s] INFO:colcon.colcon_core.shell:Creating prefix util module '/home/sebastian/Uniandes202310/Robotica/Taller3/taller3_ws/src/mi_robot_manipulador_12/install/_local_setup_util_sh.py'
[5.053s] INFO:colcon.colcon_core.shell:Creating prefix chain script '/home/sebastian/Uniandes202310/Robotica/Taller3/taller3_ws/src/mi_robot_manipulador_12/install/setup.sh'
[5.059s] INFO:colcon.colcon_core.shell:Creating prefix script '/home/sebastian/Uniandes202310/Robotica/Taller3/taller3_ws/src/mi_robot_manipulador_12/install/local_setup.bash'
[5.061s] INFO:colcon.colcon_core.shell:Creating prefix chain script '/home/sebastian/Uniandes202310/Robotica/Taller3/taller3_ws/src/mi_robot_manipulador_12/install/setup.bash'
[5.067s] INFO:colcon.colcon_core.shell:Creating prefix script '/home/sebastian/Uniandes202310/Robotica/Taller3/taller3_ws/src/mi_robot_manipulador_12/install/local_setup.zsh'
[5.069s] INFO:colcon.colcon_core.shell:Creating prefix chain script '/home/sebastian/Uniandes202310/Robotica/Taller3/taller3_ws/src/mi_robot_manipulador_12/install/setup.zsh'
